This file contains any messages produced by compilers while
running configure, to aid debugging if configure makes a mistake.

It was created by apophenia configure 1.0, which was
generated by GNU Autoconf 2.69.  Invocation command line was

  $ ./configure --prefix=/xchip/gistic/Jeremiah/GIT/apophenia-clone

## --------- ##
## Platform. ##
## --------- ##

hostname = cga02
uname -m = x86_64
uname -r = 2.6.32-642.6.1.el6.x86_64
uname -s = Linux
uname -v = #1 SMP Thu Aug 25 12:42:19 EDT 2016

/usr/bin/uname -p = unknown
/bin/uname -X     = unknown

/bin/arch              = x86_64
/usr/bin/arch -k       = unknown
/usr/convex/getsysinfo = unknown
/usr/bin/hostinfo      = unknown
/bin/machine           = unknown
/usr/bin/oslevel       = unknown
/bin/universe          = unknown

PATH: /broad/software/free/Linux/redhat_6_x86_64/pkgs/gdb_7.7/bin
PATH: /broad/software/free/Linux/redhat_6_x86_64/pkgs/r_3.3.0/bin
PATH: /broad/software/free/Linux/redhat_6_x86_64/pkgs/curl_7.47.1/bin
PATH: /broad/software/free/Linux/redhat_6_x86_64/pkgs/pcre_8.38/bin
PATH: /broad/software/free/Linux/redhat_6_x86_64/pkgs/xz_5.2.2/bin
PATH: /broad/software/free/Linux/redhat_6_x86_64/pkgs/bzip2_1.0.6/bin
PATH: /broad/software/free/Linux/redhat_6_x86_64/pkgs/gcc_5.2.0/bin
PATH: /broad/software/free/Linux/redhat_6_x86_64/pkgs/netcdf_4.3.3.1/bin
PATH: /xchip/gistic/Jeremiah/software/biobio_tools/bin
PATH: /xchip/gistic/Jeremiah/software/bcbio/bin
PATH: .
PATH: /xchip/gistic/Jeremiah/software/pkg-config-0.29/bin
PATH: /xchip/gistic/Jeremiah/software/automake-1.15/bin
PATH: /xchip/gistic/Jeremiah/software/autoconf-2.69/bin
PATH: /xchip/gistic/Jeremiah/GIT/vcflib/bin
PATH: /xchip/gistic/Jeremiah/GIT/svlib/src
PATH: /xchip/gistic/Jeremiah/GIT/vcflib/bin
PATH: /xchip/gistic/Jeremiah/GIT/ginseng/bin
PATH: /xchip/gistic/Jeremiah/GIT/VariantBam/src
PATH: /xchip/gistic/Jeremiah/software/IGVTools
PATH: /xchip/gistic/Jeremiah/valgrind_bin
PATH: /xchip/gistic/Jeremiah/GIT/snowman/src/Snowman
PATH: /xchip/tcga/Tools/gdac/bin
PATH: /xchip/tcga/Tools/hydrant2/virtualenv/ubin
PATH: /xchip/gistic/Jeremiah/software/scripts
PATH: /home/unix/jwala/mmm
PATH: /xchip/gistic/Jeremiah/software/valgrind-3.10.1/bin
PATH: /home/unix/jwala/.local/bin
PATH: /home/unix/jwala/bin
PATH: /broad/software/free/Linux/redhat_6_x86_64/pkgs/git_1.8.5.6/bin
PATH: /broad/software/free/Linux/redhat_6_x86_64/pkgs/python_2.7.1-sqlite3-rtrees/bin
PATH: /broad/software/free/Linux/redhat_6_x86_64/pkgs/zlib_1.2.6/bin
PATH: /broad/software/free/Linux/redhat_6_x86_64/pkgs/hdf5_1.8.9/bin
PATH: /broad/software/free/Linux/redhat_6_x86_64/pkgs/graphviz_2.28.0/bin
PATH: /broad/software/free/Linux/redhat_6_x86_64/pkgs/db_4.7.25/bin
PATH: /broad/software/free/Linux/redhat_6_x86_64/pkgs/tcltk8.5.9/bin
PATH: /broad/software/free/Linux/redhat_6_x86_64/pkgs/gcc_5.1.0/bin
PATH: /broad/software/free/Linux/redhat_6_x86_64/pkgs/subversion_1.6.16/bin
PATH: /broad/software/free/Linux/redhat_6_x86_64/pkgs/sqlite_3.6.19/bin
PATH: /broad/software/free/Linux/redhat_6_x86_64/pkgs/bwa_0.7.12
PATH: /broad/software/free/Linux/redhat_6_x86_64/pkgs/jdk1.8.0_92/bin
PATH: /broad/software/free/Linux/redhat_6_x86_64/pkgs/samtools/samtools_1.3/bin
PATH: /xchip/gistic/Jeremiah/software/biobio_tools/bin
PATH: /xchip/gistic/Jeremiah/software/bcbio/bin
PATH: .
PATH: /xchip/gistic/Jeremiah/GIT/vcflib/bin
PATH: /xchip/gistic/Jeremiah/GIT/svlib/src
PATH: /xchip/gistic/Jeremiah/GIT/vcflib/bin
PATH: /xchip/gistic/Jeremiah/GIT/ginseng/bin
PATH: /xchip/gistic/Jeremiah/GIT/VariantBam/src
PATH: /xchip/gistic/Jeremiah/software/IGVTools
PATH: /xchip/gistic/Jeremiah/valgrind_bin
PATH: /xchip/gistic/Jeremiah/GIT/snowman/src/Snowman
PATH: /xchip/tcga/Tools/gdac/bin
PATH: /xchip/tcga/Tools/hydrant2/virtualenv/ubin
PATH: /xchip/gistic/Jeremiah/software/scripts
PATH: /home/unix/jwala/mmm
PATH: /xchip/gistic/Jeremiah/software/valgrind-3.10.1/bin
PATH: /home/unix/jwala/.local/bin
PATH: /home/unix/jwala/bin
PATH: /usr/local/bin
PATH: /bin
PATH: /usr/bin
PATH: /usr/local/sbin
PATH: /usr/sbin
PATH: /sbin
PATH: /xchip/gistic/Jeremiah/GIT/SeqLib/bin
PATH: /xchip/gistic/Jeremiah/local/parallel-20130922/src
PATH: /xchip/gistic/Jeremiah/GIT/SeqLib/bin
PATH: /xchip/gistic/Jeremiah/local/parallel-20130922/src


## ----------- ##
## Core tests. ##
## ----------- ##

configure:2321: checking whether make supports nested variables
configure:2338: result: yes
configure:2398: checking for a BSD-compatible install
configure:2466: result: /usr/bin/install -c
configure:2477: checking whether build environment is sane
configure:2532: result: yes
configure:2683: checking for a thread-safe mkdir -p
configure:2722: result: /bin/mkdir -p
configure:2729: checking for gawk
configure:2745: found /bin/gawk
configure:2756: result: gawk
configure:2767: checking whether make sets $(MAKE)
configure:2789: result: yes
configure:2923: checking whether to enable maintainer-specific portions of Makefiles
configure:2932: result: no
configure:2979: checking build system type
configure:2993: result: x86_64-unknown-linux-gnu
configure:3013: checking host system type
configure:3026: result: x86_64-unknown-linux-gnu
configure:3067: checking how to print strings
configure:3094: result: printf
configure:3127: checking for style of include used by make
configure:3155: result: GNU
configure:3226: checking for gcc
configure:3242: found /broad/software/free/Linux/redhat_6_x86_64/pkgs/gcc_5.2.0/bin/gcc
configure:3253: result: gcc
configure:3482: checking for C compiler version
configure:3491: gcc --version >&5
gcc (GCC) 5.2.0
Copyright (C) 2015 Free Software Foundation, Inc.
This is free software; see the source for copying conditions.  There is NO
warranty; not even for MERCHANTABILITY or FITNESS FOR A PARTICULAR PURPOSE.

configure:3502: $? = 0
configure:3491: gcc -v >&5
Using built-in specs.
COLLECT_GCC=gcc
COLLECT_LTO_WRAPPER=/broad/software/free/Linux/redhat_6_x86_64/pkgs/gcc_5.2.0/libexec/gcc/x86_64-redhat-linux/5.2.0/lto-wrapper
Target: x86_64-redhat-linux
Configured with: /tmp/redhat_6_x86_64/build/tmp/gcc-5.2.0/configure --prefix=/broad/software/free/Linux/redhat_6_x86_64/pkgs/gcc_5.2.0 --enable-lto --with-cloog --enable-plugins --enable-languages=c,c++,objc,obj-c++,fortran --build=x86_64-redhat-linux --disable-multilib --with-gmp=/broad/software/free/Linux/redhat_6_x86_64/pkgs/gcc_5.2.0 --with-mpfr=/broad/software/free/Linux/redhat_6_x86_64/pkgs/gcc_5.2.0
Thread model: posix
gcc version 5.2.0 (GCC) 
configure:3502: $? = 0
configure:3491: gcc -V >&5
gcc: error: unrecognized command line option '-V'
gcc: fatal error: no input files
compilation terminated.
configure:3502: $? = 1
configure:3491: gcc -qversion >&5
gcc: error: unrecognized command line option '-qversion'
gcc: fatal error: no input files
compilation terminated.
configure:3502: $? = 1
configure:3522: checking whether the C compiler works
configure:3544: gcc    conftest.c  >&5
configure:3548: $? = 0
configure:3596: result: yes
configure:3599: checking for C compiler default output file name
configure:3601: result: a.out
configure:3607: checking for suffix of executables
configure:3614: gcc -o conftest    conftest.c  >&5
configure:3618: $? = 0
configure:3640: result: 
configure:3662: checking whether we are cross compiling
configure:3670: gcc -o conftest    conftest.c  >&5
configure:3674: $? = 0
configure:3681: ./conftest
configure:3685: $? = 0
configure:3700: result: no
configure:3705: checking for suffix of object files
configure:3727: gcc -c   conftest.c >&5
configure:3731: $? = 0
configure:3752: result: o
configure:3756: checking whether we are using the GNU C compiler
configure:3775: gcc -c   conftest.c >&5
configure:3775: $? = 0
configure:3784: result: yes
configure:3793: checking whether gcc accepts -g
configure:3813: gcc -c -g  conftest.c >&5
configure:3813: $? = 0
configure:3854: result: yes
configure:3871: checking for gcc option to accept ISO C89
configure:3934: gcc  -c -g -O2  conftest.c >&5
configure:3934: $? = 0
configure:3947: result: none needed
configure:3972: checking whether gcc understands -c and -o together
configure:3994: gcc -c conftest.c -o conftest2.o
configure:3997: $? = 0
configure:3994: gcc -c conftest.c -o conftest2.o
configure:3997: $? = 0
configure:4009: result: yes
configure:4028: checking dependency style of gcc
configure:4139: result: gcc3
configure:4154: checking for a sed that does not truncate output
configure:4218: result: /bin/sed
configure:4236: checking for grep that handles long lines and -e
configure:4294: result: /bin/grep
configure:4299: checking for egrep
configure:4361: result: /bin/grep -E
configure:4366: checking for fgrep
configure:4428: result: /bin/grep -F
configure:4463: checking for ld used by gcc
configure:4530: result: /broad/software/free/Linux/redhat_6_x86_64/pkgs/gcc_5.2.0/bin/ld
configure:4537: checking if the linker (/broad/software/free/Linux/redhat_6_x86_64/pkgs/gcc_5.2.0/bin/ld) is GNU ld
configure:4552: result: yes
configure:4564: checking for BSD- or MS-compatible name lister (nm)
configure:4618: result: /broad/software/free/Linux/redhat_6_x86_64/pkgs/gcc_5.2.0/bin/nm -B
configure:4748: checking the name lister (/broad/software/free/Linux/redhat_6_x86_64/pkgs/gcc_5.2.0/bin/nm -B) interface
configure:4755: gcc -c -g -O2  conftest.c >&5
configure:4758: /broad/software/free/Linux/redhat_6_x86_64/pkgs/gcc_5.2.0/bin/nm -B "conftest.o"
configure:4761: output
0000000000000000 B some_variable
configure:4768: result: BSD nm
configure:4771: checking whether ln -s works
configure:4775: result: yes
configure:4783: checking the maximum length of command line arguments
configure:4914: result: 1966080
configure:4962: checking how to convert x86_64-unknown-linux-gnu file names to x86_64-unknown-linux-gnu format
configure:5002: result: func_convert_file_noop
configure:5009: checking how to convert x86_64-unknown-linux-gnu file names to toolchain format
configure:5029: result: func_convert_file_noop
configure:5036: checking for /broad/software/free/Linux/redhat_6_x86_64/pkgs/gcc_5.2.0/bin/ld option to reload object files
configure:5043: result: -r
configure:5117: checking for objdump
configure:5133: found /broad/software/free/Linux/redhat_6_x86_64/pkgs/gcc_5.2.0/bin/objdump
configure:5144: result: objdump
configure:5176: checking how to recognize dependent libraries
configure:5376: result: pass_all
configure:5461: checking for dlltool
configure:5491: result: no
configure:5521: checking how to associate runtime and link libraries
configure:5548: result: printf %s\n
configure:5609: checking for ar
configure:5625: found /broad/software/free/Linux/redhat_6_x86_64/pkgs/gcc_5.2.0/bin/ar
configure:5636: result: ar
configure:5673: checking for archiver @FILE support
configure:5690: gcc -c -g -O2  conftest.c >&5
configure:5690: $? = 0
configure:5693: ar cru libconftest.a @conftest.lst >&5
configure:5696: $? = 0
configure:5701: ar cru libconftest.a @conftest.lst >&5
ar: conftest.o: No such file or directory
configure:5704: $? = 1
configure:5716: result: @
configure:5774: checking for strip
configure:5790: found /broad/software/free/Linux/redhat_6_x86_64/pkgs/gcc_5.2.0/bin/strip
configure:5801: result: strip
configure:5873: checking for ranlib
configure:5889: found /broad/software/free/Linux/redhat_6_x86_64/pkgs/gcc_5.2.0/bin/ranlib
configure:5900: result: ranlib
configure:6002: checking command to parse /broad/software/free/Linux/redhat_6_x86_64/pkgs/gcc_5.2.0/bin/nm -B output from gcc object
configure:6155: gcc -c -g -O2  conftest.c >&5
configure:6158: $? = 0
configure:6162: /broad/software/free/Linux/redhat_6_x86_64/pkgs/gcc_5.2.0/bin/nm -B conftest.o \| sed -n -e 's/^.*[ ]\([ABCDGIRSTW][ABCDGIRSTW]*\)[ ][ ]*\([_A-Za-z][_A-Za-z0-9]*\)$/\1 \2 \2/p' | sed '/ __gnu_lto/d' \> conftest.nm
configure:6165: $? = 0
configure:6231: gcc -o conftest -g -O2   conftest.c conftstm.o >&5
configure:6234: $? = 0
configure:6272: result: ok
configure:6319: checking for sysroot
configure:6349: result: no
configure:6356: checking for a working dd
configure:6394: result: /bin/dd
configure:6398: checking how to truncate binary pipes
configure:6413: result: /bin/dd bs=4096 count=1
configure:6549: gcc -c -g -O2  conftest.c >&5
configure:6552: $? = 0
configure:6742: checking for mt
configure:6772: result: no
configure:6792: checking if : is a manifest tool
configure:6798: : '-?'
configure:6806: result: no
configure:7483: checking how to run the C preprocessor
configure:7514: gcc -E  conftest.c
configure:7514: $? = 0
configure:7528: gcc -E  conftest.c
conftest.c:11:28: fatal error: ac_nonexistent.h: No such file or directory
compilation terminated.
configure:7528: $? = 1
configure: failed program was:
| /* confdefs.h */
| #define PACKAGE_NAME "apophenia"
| #define PACKAGE_TARNAME "apophenia"
| #define PACKAGE_VERSION "1.0"
| #define PACKAGE_STRING "apophenia 1.0"
| #define PACKAGE_BUGREPORT "fluffmail@f-m.fm"
| #define PACKAGE_URL ""
| #define PACKAGE "apophenia"
| #define VERSION "1.0"
| /* end confdefs.h.  */
| #include <ac_nonexistent.h>
configure:7553: result: gcc -E
configure:7573: gcc -E  conftest.c
configure:7573: $? = 0
configure:7587: gcc -E  conftest.c
conftest.c:11:28: fatal error: ac_nonexistent.h: No such file or directory
compilation terminated.
configure:7587: $? = 1
configure: failed program was:
| /* confdefs.h */
| #define PACKAGE_NAME "apophenia"
| #define PACKAGE_TARNAME "apophenia"
| #define PACKAGE_VERSION "1.0"
| #define PACKAGE_STRING "apophenia 1.0"
| #define PACKAGE_BUGREPORT "fluffmail@f-m.fm"
| #define PACKAGE_URL ""
| #define PACKAGE "apophenia"
| #define VERSION "1.0"
| /* end confdefs.h.  */
| #include <ac_nonexistent.h>
configure:7616: checking for ANSI C header files
configure:7636: gcc -c -g -O2  conftest.c >&5
configure:7636: $? = 0
configure:7709: gcc -o conftest -g -O2   conftest.c  >&5
configure:7709: $? = 0
configure:7709: ./conftest
configure:7709: $? = 0
configure:7720: result: yes
configure:7733: checking for sys/types.h
configure:7733: gcc -c -g -O2  conftest.c >&5
configure:7733: $? = 0
configure:7733: result: yes
configure:7733: checking for sys/stat.h
configure:7733: gcc -c -g -O2  conftest.c >&5
configure:7733: $? = 0
configure:7733: result: yes
configure:7733: checking for stdlib.h
configure:7733: gcc -c -g -O2  conftest.c >&5
configure:7733: $? = 0
configure:7733: result: yes
configure:7733: checking for string.h
configure:7733: gcc -c -g -O2  conftest.c >&5
configure:7733: $? = 0
configure:7733: result: yes
configure:7733: checking for memory.h
configure:7733: gcc -c -g -O2  conftest.c >&5
configure:7733: $? = 0
configure:7733: result: yes
configure:7733: checking for strings.h
configure:7733: gcc -c -g -O2  conftest.c >&5
configure:7733: $? = 0
configure:7733: result: yes
configure:7733: checking for inttypes.h
configure:7733: gcc -c -g -O2  conftest.c >&5
configure:7733: $? = 0
configure:7733: result: yes
configure:7733: checking for stdint.h
configure:7733: gcc -c -g -O2  conftest.c >&5
configure:7733: $? = 0
configure:7733: result: yes
configure:7733: checking for unistd.h
configure:7733: gcc -c -g -O2  conftest.c >&5
configure:7733: $? = 0
configure:7733: result: yes
configure:7747: checking for dlfcn.h
configure:7747: gcc -c -g -O2  conftest.c >&5
configure:7747: $? = 0
configure:7747: result: yes
configure:8003: checking for objdir
configure:8018: result: .libs
configure:8282: checking if gcc supports -fno-rtti -fno-exceptions
configure:8300: gcc -c -g -O2  -fno-rtti -fno-exceptions conftest.c >&5
cc1: warning: command line option '-fno-rtti' is valid for C++/ObjC++ but not for C
configure:8304: $? = 0
configure:8317: result: no
configure:8675: checking for gcc option to produce PIC
configure:8682: result: -fPIC -DPIC
configure:8690: checking if gcc PIC flag -fPIC -DPIC works
configure:8708: gcc -c -g -O2  -fPIC -DPIC -DPIC conftest.c >&5
configure:8712: $? = 0
configure:8725: result: yes
configure:8754: checking if gcc static flag -static works
configure:8782: result: yes
configure:8797: checking if gcc supports -c -o file.o
configure:8818: gcc -c -g -O2  -o out/conftest2.o conftest.c >&5
configure:8822: $? = 0
configure:8844: result: yes
configure:8852: checking if gcc supports -c -o file.o
configure:8899: result: yes
configure:8932: checking whether the gcc linker (/broad/software/free/Linux/redhat_6_x86_64/pkgs/gcc_5.2.0/bin/ld -m elf_x86_64) supports shared libraries
configure:10191: result: yes
configure:10228: checking whether -lc should be explicitly linked in
configure:10236: gcc -c -g -O2  conftest.c >&5
configure:10239: $? = 0
configure:10254: gcc -shared  -fPIC -DPIC conftest.o  -v -Wl,-soname -Wl,conftest -o conftest 2\>\&1 \| /bin/grep  -lc  \>/dev/null 2\>\&1
configure:10257: $? = 0
configure:10271: result: no
configure:10431: checking dynamic linker characteristics
configure:11012: gcc -o conftest -g -O2   -Wl,-rpath -Wl,/foo conftest.c  >&5
configure:11012: $? = 0
configure:11249: result: GNU/Linux ld.so
configure:11371: checking how to hardcode library paths into programs
configure:11396: result: immediate
configure:11944: checking whether stripping libraries is possible
configure:11949: result: yes
configure:11984: checking if libtool supports shared libraries
configure:11986: result: yes
configure:11989: checking whether to build shared libraries
configure:12014: result: yes
configure:12017: checking whether to build static libraries
configure:12021: result: yes
configure:12067: checking if LD -Wl,--version-script works
configure:12085: gcc -o conftest -g -O2   -Wl,--version-script=conftest.map conftest.c  >&5
/broad/software/free/Linux/redhat_6_x86_64/pkgs/gcc_5.2.0/bin/ld:conftest.map:2: syntax error in VERSION script
collect2: error: ld returned 1 exit status
configure:12085: $? = 1
configure: failed program was:
| /* confdefs.h */
| #define PACKAGE_NAME "apophenia"
| #define PACKAGE_TARNAME "apophenia"
| #define PACKAGE_VERSION "1.0"
| #define PACKAGE_STRING "apophenia 1.0"
| #define PACKAGE_BUGREPORT "fluffmail@f-m.fm"
| #define PACKAGE_URL ""
| #define PACKAGE "apophenia"
| #define VERSION "1.0"
| #define STDC_HEADERS 1
| #define HAVE_SYS_TYPES_H 1
| #define HAVE_SYS_STAT_H 1
| #define HAVE_STDLIB_H 1
| #define HAVE_STRING_H 1
| #define HAVE_MEMORY_H 1
| #define HAVE_STRINGS_H 1
| #define HAVE_INTTYPES_H 1
| #define HAVE_STDINT_H 1
| #define HAVE_UNISTD_H 1
| #define HAVE_DLFCN_H 1
| #define LT_OBJDIR ".libs/"
| /* end confdefs.h.  */
| 
| int
| main ()
| {
| 
|   ;
|   return 0;
| }
configure:12113: gcc -o conftest -g -O2   -Wl,--version-script=conftest.map conftest.c  >&5
configure:12113: $? = 0
configure:12125: result: yes
configure:12187: checking for gcc
configure:12214: result: gcc
configure:12443: checking for C compiler version
configure:12452: gcc --version >&5
gcc (GCC) 5.2.0
Copyright (C) 2015 Free Software Foundation, Inc.
This is free software; see the source for copying conditions.  There is NO
warranty; not even for MERCHANTABILITY or FITNESS FOR A PARTICULAR PURPOSE.

configure:12463: $? = 0
configure:12452: gcc -v >&5
Using built-in specs.
COLLECT_GCC=gcc
COLLECT_LTO_WRAPPER=/broad/software/free/Linux/redhat_6_x86_64/pkgs/gcc_5.2.0/libexec/gcc/x86_64-redhat-linux/5.2.0/lto-wrapper
Target: x86_64-redhat-linux
Configured with: /tmp/redhat_6_x86_64/build/tmp/gcc-5.2.0/configure --prefix=/broad/software/free/Linux/redhat_6_x86_64/pkgs/gcc_5.2.0 --enable-lto --with-cloog --enable-plugins --enable-languages=c,c++,objc,obj-c++,fortran --build=x86_64-redhat-linux --disable-multilib --with-gmp=/broad/software/free/Linux/redhat_6_x86_64/pkgs/gcc_5.2.0 --with-mpfr=/broad/software/free/Linux/redhat_6_x86_64/pkgs/gcc_5.2.0
Thread model: posix
gcc version 5.2.0 (GCC) 
configure:12463: $? = 0
configure:12452: gcc -V >&5
gcc: error: unrecognized command line option '-V'
gcc: fatal error: no input files
compilation terminated.
configure:12463: $? = 1
configure:12452: gcc -qversion >&5
gcc: error: unrecognized command line option '-qversion'
gcc: fatal error: no input files
compilation terminated.
configure:12463: $? = 1
configure:12467: checking whether we are using the GNU C compiler
configure:12495: result: yes
configure:12504: checking whether gcc accepts -g
configure:12565: result: yes
configure:12582: checking for gcc option to accept ISO C89
configure:12658: result: none needed
configure:12683: checking whether gcc understands -c and -o together
configure:12720: result: yes
configure:12739: checking dependency style of gcc
configure:12850: result: gcc3
configure:12865: checking for gcc option to accept ISO C99
configure:13014: gcc  -c -g -O2  conftest.c >&5
configure:13014: $? = 0
configure:13027: result: none needed
configure:13208: checking for the pthreads library -lpthreads
configure:13241: gcc -o conftest -g -O2    conftest.c -lpthreads  >&5
/broad/software/free/Linux/redhat_6_x86_64/pkgs/gcc_5.2.0/bin/ld: cannot find -lpthreads
collect2: error: ld returned 1 exit status
configure:13241: $? = 1
configure: failed program was:
| /* confdefs.h */
| #define PACKAGE_NAME "apophenia"
| #define PACKAGE_TARNAME "apophenia"
| #define PACKAGE_VERSION "1.0"
| #define PACKAGE_STRING "apophenia 1.0"
| #define PACKAGE_BUGREPORT "fluffmail@f-m.fm"
| #define PACKAGE_URL ""
| #define PACKAGE "apophenia"
| #define VERSION "1.0"
| #define STDC_HEADERS 1
| #define HAVE_SYS_TYPES_H 1
| #define HAVE_SYS_STAT_H 1
| #define HAVE_STDLIB_H 1
| #define HAVE_STRING_H 1
| #define HAVE_MEMORY_H 1
| #define HAVE_STRINGS_H 1
| #define HAVE_INTTYPES_H 1
| #define HAVE_STDINT_H 1
| #define HAVE_UNISTD_H 1
| #define HAVE_DLFCN_H 1
| #define LT_OBJDIR ".libs/"
| /* end confdefs.h.  */
| #include <pthread.h>
| int
| main ()
| {
| pthread_t th; pthread_join(th, 0);
|                      pthread_attr_init(0); pthread_cleanup_push(0, 0);
|                      pthread_create(0,0,0,0); pthread_cleanup_pop(0);
|   ;
|   return 0;
| }
configure:13250: result: no
configure:13153: checking whether pthreads work without any flags
configure:13241: gcc -o conftest -g -O2    conftest.c   >&5
/tmp/ccjGK0Bq.o: In function `main':
/xchip/gistic/Jeremiah/GIT/apophenia-clone/conftest.c:27: undefined reference to `pthread_join'
/xchip/gistic/Jeremiah/GIT/apophenia-clone/conftest.c:28: undefined reference to `__pthread_register_cancel'
/xchip/gistic/Jeremiah/GIT/apophenia-clone/conftest.c:29: undefined reference to `pthread_create'
/xchip/gistic/Jeremiah/GIT/apophenia-clone/conftest.c:29: undefined reference to `__pthread_unregister_cancel'
collect2: error: ld returned 1 exit status
configure:13241: $? = 1
configure: failed program was:
| /* confdefs.h */
| #define PACKAGE_NAME "apophenia"
| #define PACKAGE_TARNAME "apophenia"
| #define PACKAGE_VERSION "1.0"
| #define PACKAGE_STRING "apophenia 1.0"
| #define PACKAGE_BUGREPORT "fluffmail@f-m.fm"
| #define PACKAGE_URL ""
| #define PACKAGE "apophenia"
| #define VERSION "1.0"
| #define STDC_HEADERS 1
| #define HAVE_SYS_TYPES_H 1
| #define HAVE_SYS_STAT_H 1
| #define HAVE_STDLIB_H 1
| #define HAVE_STRING_H 1
| #define HAVE_MEMORY_H 1
| #define HAVE_STRINGS_H 1
| #define HAVE_INTTYPES_H 1
| #define HAVE_STDINT_H 1
| #define HAVE_UNISTD_H 1
| #define HAVE_DLFCN_H 1
| #define LT_OBJDIR ".libs/"
| /* end confdefs.h.  */
| #include <pthread.h>
| int
| main ()
| {
| pthread_t th; pthread_join(th, 0);
|                      pthread_attr_init(0); pthread_cleanup_push(0, 0);
|                      pthread_create(0,0,0,0); pthread_cleanup_pop(0);
|   ;
|   return 0;
| }
configure:13250: result: no
configure:13158: checking whether pthreads work with -Kthread
configure:13241: gcc -o conftest -g -O2 -Kthread   conftest.c   >&5
gcc: error: unrecognized command line option '-Kthread'
configure:13241: $? = 1
configure: failed program was:
| /* confdefs.h */
| #define PACKAGE_NAME "apophenia"
| #define PACKAGE_TARNAME "apophenia"
| #define PACKAGE_VERSION "1.0"
| #define PACKAGE_STRING "apophenia 1.0"
| #define PACKAGE_BUGREPORT "fluffmail@f-m.fm"
| #define PACKAGE_URL ""
| #define PACKAGE "apophenia"
| #define VERSION "1.0"
| #define STDC_HEADERS 1
| #define HAVE_SYS_TYPES_H 1
| #define HAVE_SYS_STAT_H 1
| #define HAVE_STDLIB_H 1
| #define HAVE_STRING_H 1
| #define HAVE_MEMORY_H 1
| #define HAVE_STRINGS_H 1
| #define HAVE_INTTYPES_H 1
| #define HAVE_STDINT_H 1
| #define HAVE_UNISTD_H 1
| #define HAVE_DLFCN_H 1
| #define LT_OBJDIR ".libs/"
| /* end confdefs.h.  */
| #include <pthread.h>
| int
| main ()
| {
| pthread_t th; pthread_join(th, 0);
|                      pthread_attr_init(0); pthread_cleanup_push(0, 0);
|                      pthread_create(0,0,0,0); pthread_cleanup_pop(0);
|   ;
|   return 0;
| }
configure:13250: result: no
configure:13158: checking whether pthreads work with -kthread
configure:13241: gcc -o conftest -g -O2 -kthread   conftest.c   >&5
gcc: error: unrecognized command line option '-kthread'
configure:13241: $? = 1
configure: failed program was:
| /* confdefs.h */
| #define PACKAGE_NAME "apophenia"
| #define PACKAGE_TARNAME "apophenia"
| #define PACKAGE_VERSION "1.0"
| #define PACKAGE_STRING "apophenia 1.0"
| #define PACKAGE_BUGREPORT "fluffmail@f-m.fm"
| #define PACKAGE_URL ""
| #define PACKAGE "apophenia"
| #define VERSION "1.0"
| #define STDC_HEADERS 1
| #define HAVE_SYS_TYPES_H 1
| #define HAVE_SYS_STAT_H 1
| #define HAVE_STDLIB_H 1
| #define HAVE_STRING_H 1
| #define HAVE_MEMORY_H 1
| #define HAVE_STRINGS_H 1
| #define HAVE_INTTYPES_H 1
| #define HAVE_STDINT_H 1
| #define HAVE_UNISTD_H 1
| #define HAVE_DLFCN_H 1
| #define LT_OBJDIR ".libs/"
| /* end confdefs.h.  */
| #include <pthread.h>
| int
| main ()
| {
| pthread_t th; pthread_join(th, 0);
|                      pthread_attr_init(0); pthread_cleanup_push(0, 0);
|                      pthread_create(0,0,0,0); pthread_cleanup_pop(0);
|   ;
|   return 0;
| }
configure:13250: result: no
configure:13208: checking for the pthreads library -llthread
configure:13241: gcc -o conftest -g -O2    conftest.c -llthread  >&5
/broad/software/free/Linux/redhat_6_x86_64/pkgs/gcc_5.2.0/bin/ld: cannot find -llthread
collect2: error: ld returned 1 exit status
configure:13241: $? = 1
configure: failed program was:
| /* confdefs.h */
| #define PACKAGE_NAME "apophenia"
| #define PACKAGE_TARNAME "apophenia"
| #define PACKAGE_VERSION "1.0"
| #define PACKAGE_STRING "apophenia 1.0"
| #define PACKAGE_BUGREPORT "fluffmail@f-m.fm"
| #define PACKAGE_URL ""
| #define PACKAGE "apophenia"
| #define VERSION "1.0"
| #define STDC_HEADERS 1
| #define HAVE_SYS_TYPES_H 1
| #define HAVE_SYS_STAT_H 1
| #define HAVE_STDLIB_H 1
| #define HAVE_STRING_H 1
| #define HAVE_MEMORY_H 1
| #define HAVE_STRINGS_H 1
| #define HAVE_INTTYPES_H 1
| #define HAVE_STDINT_H 1
| #define HAVE_UNISTD_H 1
| #define HAVE_DLFCN_H 1
| #define LT_OBJDIR ".libs/"
| /* end confdefs.h.  */
| #include <pthread.h>
| int
| main ()
| {
| pthread_t th; pthread_join(th, 0);
|                      pthread_attr_init(0); pthread_cleanup_push(0, 0);
|                      pthread_create(0,0,0,0); pthread_cleanup_pop(0);
|   ;
|   return 0;
| }
configure:13250: result: no
configure:13158: checking whether pthreads work with -pthread
configure:13241: gcc -o conftest -g -O2 -pthread   conftest.c   >&5
configure:13241: $? = 0
configure:13250: result: yes
configure:13269: checking for joinable pthread attribute
configure:13284: gcc -o conftest -g -O2 -pthread   conftest.c   >&5
configure:13284: $? = 0
configure:13290: result: PTHREAD_CREATE_JOINABLE
configure:13300: checking if more special flags are required for pthreads
configure:13307: result: no
configure:13397: checking for gcc option to support OpenMP
configure:13412: gcc -o conftest -g -O2   conftest.c  >&5
conftest.c:26:2: error: unknown type name 'choke'
  choke me
  ^
In file included from conftest.c:28:0:
/broad/software/free/Linux/redhat_6_x86_64/pkgs/gcc_5.2.0/lib/gcc/x86_64-redhat-linux/5.2.0/include/omp.h:35:1: error: expected '=', ',', ';', 'asm' or '__attribute__' before 'typedef'
 typedef struct
 ^
configure:13412: $? = 1
configure: failed program was:
| /* confdefs.h */
| #define PACKAGE_NAME "apophenia"
| #define PACKAGE_TARNAME "apophenia"
| #define PACKAGE_VERSION "1.0"
| #define PACKAGE_STRING "apophenia 1.0"
| #define PACKAGE_BUGREPORT "fluffmail@f-m.fm"
| #define PACKAGE_URL ""
| #define PACKAGE "apophenia"
| #define VERSION "1.0"
| #define STDC_HEADERS 1
| #define HAVE_SYS_TYPES_H 1
| #define HAVE_SYS_STAT_H 1
| #define HAVE_STDLIB_H 1
| #define HAVE_STRING_H 1
| #define HAVE_MEMORY_H 1
| #define HAVE_STRINGS_H 1
| #define HAVE_INTTYPES_H 1
| #define HAVE_STDINT_H 1
| #define HAVE_UNISTD_H 1
| #define HAVE_DLFCN_H 1
| #define LT_OBJDIR ".libs/"
| #define HAVE_PTHREAD 1
| /* end confdefs.h.  */
| 
| #ifndef _OPENMP
|  choke me
| #endif
| #include <omp.h>
| int main () { return omp_get_num_threads (); }
| 
configure:13430: gcc -o conftest -g -O2 -fopenmp   conftest.c  >&5
configure:13430: $? = 0
configure:13444: result: -fopenmp
configure:13546: checking for cos in -lm
configure:13571: gcc -o conftest -g -O2   conftest.c -lm   >&5
conftest.c:31:6: warning: conflicting types for built-in function 'cos'
 char cos ();
      ^
configure:13571: $? = 0
configure:13580: result: yes
configure:13627: checking for mysql_config
configure:13658: result: no
configure:13714: result: no
configure:13807: checking for SQLite3 library >= 3.0.0
configure:13857: gcc -c -g -O2  -I/usr/include conftest.c >&5
configure:13857: $? = 0
configure:13859: result: yes
configure:13913: checking for size_t
configure:13913: gcc -c -g -O2  conftest.c >&5
configure:13913: $? = 0
configure:13913: gcc -c -g -O2  conftest.c >&5
conftest.c: In function 'main':
conftest.c:61:21: error: expected expression before ')' token
 if (sizeof ((size_t)))
                     ^
configure:13913: $? = 1
configure: failed program was:
| /* confdefs.h */
| #define PACKAGE_NAME "apophenia"
| #define PACKAGE_TARNAME "apophenia"
| #define PACKAGE_VERSION "1.0"
| #define PACKAGE_STRING "apophenia 1.0"
| #define PACKAGE_BUGREPORT "fluffmail@f-m.fm"
| #define PACKAGE_URL ""
| #define PACKAGE "apophenia"
| #define VERSION "1.0"
| #define STDC_HEADERS 1
| #define HAVE_SYS_TYPES_H 1
| #define HAVE_SYS_STAT_H 1
| #define HAVE_STDLIB_H 1
| #define HAVE_STRING_H 1
| #define HAVE_MEMORY_H 1
| #define HAVE_STRINGS_H 1
| #define HAVE_INTTYPES_H 1
| #define HAVE_STDINT_H 1
| #define HAVE_UNISTD_H 1
| #define HAVE_DLFCN_H 1
| #define LT_OBJDIR ".libs/"
| #define HAVE_PTHREAD 1
| #define HAVE_SQLITE3 /**/
| /* end confdefs.h.  */
| #include <stdio.h>
| #ifdef HAVE_SYS_TYPES_H
| # include <sys/types.h>
| #endif
| #ifdef HAVE_SYS_STAT_H
| # include <sys/stat.h>
| #endif
| #ifdef STDC_HEADERS
| # include <stdlib.h>
| # include <stddef.h>
| #else
| # ifdef HAVE_STDLIB_H
| #  include <stdlib.h>
| # endif
| #endif
| #ifdef HAVE_STRING_H
| # if !defined STDC_HEADERS && defined HAVE_MEMORY_H
| #  include <memory.h>
| # endif
| # include <string.h>
| #endif
| #ifdef HAVE_STRINGS_H
| # include <strings.h>
| #endif
| #ifdef HAVE_INTTYPES_H
| # include <inttypes.h>
| #endif
| #ifdef HAVE_STDINT_H
| # include <stdint.h>
| #endif
| #ifdef HAVE_UNISTD_H
| # include <unistd.h>
| #endif
| int
| main ()
| {
| if (sizeof ((size_t)))
| 	    return 0;
|   ;
|   return 0;
| }
configure:13913: result: yes
configure:13926: checking for working alloca.h
configure:13943: gcc -o conftest -g -O2   conftest.c  >&5
configure:13943: $? = 0
configure:13951: result: yes
configure:13959: checking for alloca
configure:13996: gcc -o conftest -g -O2   conftest.c  >&5
configure:13996: $? = 0
configure:14004: result: yes
configure:14110: checking for ANSI C header files
configure:14214: result: yes
configure:14225: checking float.h usability
configure:14225: gcc -c -g -O2  conftest.c >&5
configure:14225: $? = 0
configure:14225: result: yes
configure:14225: checking float.h presence
configure:14225: gcc -E  conftest.c
configure:14225: $? = 0
configure:14225: result: yes
configure:14225: checking for float.h
configure:14225: result: yes
configure:14225: checking for inttypes.h
configure:14225: result: yes
configure:14225: checking limits.h usability
configure:14225: gcc -c -g -O2  conftest.c >&5
configure:14225: $? = 0
configure:14225: result: yes
configure:14225: checking limits.h presence
configure:14225: gcc -E  conftest.c
configure:14225: $? = 0
configure:14225: result: yes
configure:14225: checking for limits.h
configure:14225: result: yes
configure:14225: checking stddef.h usability
configure:14225: gcc -c -g -O2  conftest.c >&5
configure:14225: $? = 0
configure:14225: result: yes
configure:14225: checking stddef.h presence
configure:14225: gcc -E  conftest.c
configure:14225: $? = 0
configure:14225: result: yes
configure:14225: checking for stddef.h
configure:14225: result: yes
configure:14225: checking for stdint.h
configure:14225: result: yes
configure:14225: checking for stdlib.h
configure:14225: result: yes
configure:14225: checking for string.h
configure:14225: result: yes
configure:14225: checking for unistd.h
configure:14225: result: yes
configure:14225: checking wchar.h usability
configure:14225: gcc -c -g -O2  conftest.c >&5
configure:14225: $? = 0
configure:14225: result: yes
configure:14225: checking wchar.h presence
configure:14225: gcc -E  conftest.c
configure:14225: $? = 0
configure:14225: result: yes
configure:14225: checking for wchar.h
configure:14225: result: yes
configure:14237: checking for an ANSI C-conforming const
configure:14303: gcc -c -g -O2  conftest.c >&5
configure:14303: $? = 0
configure:14310: result: yes
configure:14318: checking for inline
configure:14334: gcc -c -g -O2  conftest.c >&5
configure:14334: $? = 0
configure:14342: result: inline
configure:14360: checking for size_t
configure:14360: result: yes
configure:14371: checking whether struct tm is in sys/time.h or time.h
configure:14391: gcc -c -g -O2  conftest.c >&5
configure:14391: $? = 0
configure:14398: result: time.h
configure:14406: checking for ptrdiff_t
configure:14406: gcc -c -g -O2  conftest.c >&5
configure:14406: $? = 0
configure:14406: gcc -c -g -O2  conftest.c >&5
conftest.c: In function 'main':
conftest.c:73:24: error: expected expression before ')' token
 if (sizeof ((ptrdiff_t)))
                        ^
configure:14406: $? = 1
configure: failed program was:
| /* confdefs.h */
| #define PACKAGE_NAME "apophenia"
| #define PACKAGE_TARNAME "apophenia"
| #define PACKAGE_VERSION "1.0"
| #define PACKAGE_STRING "apophenia 1.0"
| #define PACKAGE_BUGREPORT "fluffmail@f-m.fm"
| #define PACKAGE_URL ""
| #define PACKAGE "apophenia"
| #define VERSION "1.0"
| #define STDC_HEADERS 1
| #define HAVE_SYS_TYPES_H 1
| #define HAVE_SYS_STAT_H 1
| #define HAVE_STDLIB_H 1
| #define HAVE_STRING_H 1
| #define HAVE_MEMORY_H 1
| #define HAVE_STRINGS_H 1
| #define HAVE_INTTYPES_H 1
| #define HAVE_STDINT_H 1
| #define HAVE_UNISTD_H 1
| #define HAVE_DLFCN_H 1
| #define LT_OBJDIR ".libs/"
| #define HAVE_PTHREAD 1
| #define HAVE_SQLITE3 /**/
| #define HAVE_ALLOCA_H 1
| #define HAVE_ALLOCA 1
| #define STDC_HEADERS 1
| #define HAVE_FLOAT_H 1
| #define HAVE_INTTYPES_H 1
| #define HAVE_LIMITS_H 1
| #define HAVE_STDDEF_H 1
| #define HAVE_STDINT_H 1
| #define HAVE_STDLIB_H 1
| #define HAVE_STRING_H 1
| #define HAVE_UNISTD_H 1
| #define HAVE_WCHAR_H 1
| /* end confdefs.h.  */
| #include <stdio.h>
| #ifdef HAVE_SYS_TYPES_H
| # include <sys/types.h>
| #endif
| #ifdef HAVE_SYS_STAT_H
| # include <sys/stat.h>
| #endif
| #ifdef STDC_HEADERS
| # include <stdlib.h>
| # include <stddef.h>
| #else
| # ifdef HAVE_STDLIB_H
| #  include <stdlib.h>
| # endif
| #endif
| #ifdef HAVE_STRING_H
| # if !defined STDC_HEADERS && defined HAVE_MEMORY_H
| #  include <memory.h>
| # endif
| # include <string.h>
| #endif
| #ifdef HAVE_STRINGS_H
| # include <strings.h>
| #endif
| #ifdef HAVE_INTTYPES_H
| # include <inttypes.h>
| #endif
| #ifdef HAVE_STDINT_H
| # include <stdint.h>
| #endif
| #ifdef HAVE_UNISTD_H
| # include <unistd.h>
| #endif
| int
| main ()
| {
| if (sizeof ((ptrdiff_t)))
| 	    return 0;
|   ;
|   return 0;
| }
configure:14406: result: yes
configure:14417: checking for __attribute__
configure:14439: gcc -c -g -O2  conftest.c >&5
configure:14439: $? = 0
configure:14448: result: yes
configure:14472: gcc -o conftest -g -O2 -fopenmp   conftest.c  >&5
conftest.c: In function 'main':
conftest.c:40:5: sorry, unimplemented: '_Atomic' with OpenMP
     _Atomic(int) i;
     ^
configure:14472: $? = 1
configure: program exited with status 1
configure: failed program was:
| /* confdefs.h */
| #define PACKAGE_NAME "apophenia"
| #define PACKAGE_TARNAME "apophenia"
| #define PACKAGE_VERSION "1.0"
| #define PACKAGE_STRING "apophenia 1.0"
| #define PACKAGE_BUGREPORT "fluffmail@f-m.fm"
| #define PACKAGE_URL ""
| #define PACKAGE "apophenia"
| #define VERSION "1.0"
| #define STDC_HEADERS 1
| #define HAVE_SYS_TYPES_H 1
| #define HAVE_SYS_STAT_H 1
| #define HAVE_STDLIB_H 1
| #define HAVE_STRING_H 1
| #define HAVE_MEMORY_H 1
| #define HAVE_STRINGS_H 1
| #define HAVE_INTTYPES_H 1
| #define HAVE_STDINT_H 1
| #define HAVE_UNISTD_H 1
| #define HAVE_DLFCN_H 1
| #define LT_OBJDIR ".libs/"
| #define HAVE_PTHREAD 1
| #define HAVE_SQLITE3 /**/
| #define HAVE_ALLOCA_H 1
| #define HAVE_ALLOCA 1
| #define STDC_HEADERS 1
| #define HAVE_FLOAT_H 1
| #define HAVE_INTTYPES_H 1
| #define HAVE_LIMITS_H 1
| #define HAVE_STDDEF_H 1
| #define HAVE_STDINT_H 1
| #define HAVE_STDLIB_H 1
| #define HAVE_STRING_H 1
| #define HAVE_UNISTD_H 1
| #define HAVE_WCHAR_H 1
| #define HAVE_PTRDIFF_T 1
| #define HAVE___ATTRIBUTE__ 1
| /* end confdefs.h.  */
| int main(){
|     _Atomic(int) i;
|  }
| 
| 
configure:14489: checking for stdlib.h
configure:14489: result: yes
configure:14499: checking for GNU libc compatible malloc
configure:14523: gcc -o conftest -g -O2 -fopenmp   conftest.c  >&5
configure:14523: $? = 0
configure:14523: ./conftest
configure:14523: $? = 0
configure:14533: result: yes
configure:14556: checking for stdlib.h
configure:14556: result: yes
configure:14566: checking for GNU libc compatible realloc
configure:14590: gcc -o conftest -g -O2 -fopenmp   conftest.c  >&5
configure:14590: $? = 0
configure:14590: ./conftest
configure:14590: $? = 0
configure:14600: result: yes
configure:14621: checking for working strtod
configure:14662: gcc -o conftest -g -O2 -fopenmp   conftest.c  >&5
configure:14662: $? = 0
configure:14662: ./conftest
configure:14662: $? = 0
configure:14672: result: yes
configure:14737: checking for floor
configure:14737: gcc -o conftest -g -O2 -fopenmp   conftest.c  >&5
conftest.c:66:6: warning: conflicting types for built-in function 'floor'
 char floor ();
      ^
/tmp/cciMNuw9.o: In function `main':
/xchip/gistic/Jeremiah/GIT/apophenia-clone/conftest.c:77: undefined reference to `floor'
collect2: error: ld returned 1 exit status
configure:14737: $? = 1
configure: failed program was:
| /* confdefs.h */
| #define PACKAGE_NAME "apophenia"
| #define PACKAGE_TARNAME "apophenia"
| #define PACKAGE_VERSION "1.0"
| #define PACKAGE_STRING "apophenia 1.0"
| #define PACKAGE_BUGREPORT "fluffmail@f-m.fm"
| #define PACKAGE_URL ""
| #define PACKAGE "apophenia"
| #define VERSION "1.0"
| #define STDC_HEADERS 1
| #define HAVE_SYS_TYPES_H 1
| #define HAVE_SYS_STAT_H 1
| #define HAVE_STDLIB_H 1
| #define HAVE_STRING_H 1
| #define HAVE_MEMORY_H 1
| #define HAVE_STRINGS_H 1
| #define HAVE_INTTYPES_H 1
| #define HAVE_STDINT_H 1
| #define HAVE_UNISTD_H 1
| #define HAVE_DLFCN_H 1
| #define LT_OBJDIR ".libs/"
| #define HAVE_PTHREAD 1
| #define HAVE_SQLITE3 /**/
| #define HAVE_ALLOCA_H 1
| #define HAVE_ALLOCA 1
| #define STDC_HEADERS 1
| #define HAVE_FLOAT_H 1
| #define HAVE_INTTYPES_H 1
| #define HAVE_LIMITS_H 1
| #define HAVE_STDDEF_H 1
| #define HAVE_STDINT_H 1
| #define HAVE_STDLIB_H 1
| #define HAVE_STRING_H 1
| #define HAVE_UNISTD_H 1
| #define HAVE_WCHAR_H 1
| #define HAVE_PTRDIFF_T 1
| #define HAVE___ATTRIBUTE__ 1
| #define HAVE_STDLIB_H 1
| #define HAVE_MALLOC 1
| #define HAVE_STDLIB_H 1
| #define HAVE_REALLOC 1
| /* end confdefs.h.  */
| /* Define floor to an innocuous variant, in case <limits.h> declares floor.
|    For example, HP-UX 11i <limits.h> declares gettimeofday.  */
| #define floor innocuous_floor
| 
| /* System header to define __stub macros and hopefully few prototypes,
|     which can conflict with char floor (); below.
|     Prefer <limits.h> to <assert.h> if __STDC__ is defined, since
|     <limits.h> exists even on freestanding compilers.  */
| 
| #ifdef __STDC__
| # include <limits.h>
| #else
| # include <assert.h>
| #endif
| 
| #undef floor
| 
| /* Override any GCC internal prototype to avoid an error.
|    Use char because int might match the return type of a GCC
|    builtin and then its argument prototype would still apply.  */
| #ifdef __cplusplus
| extern "C"
| #endif
| char floor ();
| /* The GNU C library defines this for functions which it implements
|     to always fail with ENOSYS.  Some functions are actually named
|     something starting with __ and the normal name is an alias.  */
| #if defined __stub_floor || defined __stub___floor
| choke me
| #endif
| 
| int
| main ()
| {
| return floor ();
|   ;
|   return 0;
| }
configure:14737: result: no
configure:14737: checking for memset
configure:14737: gcc -o conftest -g -O2 -fopenmp   conftest.c  >&5
conftest.c:66:6: warning: conflicting types for built-in function 'memset'
 char memset ();
      ^
configure:14737: $? = 0
configure:14737: result: yes
configure:14737: checking for pow
configure:14737: gcc -o conftest -g -O2 -fopenmp   conftest.c  >&5
conftest.c:67:6: warning: conflicting types for built-in function 'pow'
 char pow ();
      ^
/tmp/cc80Zm4p.o: In function `main':
/xchip/gistic/Jeremiah/GIT/apophenia-clone/conftest.c:78: undefined reference to `pow'
collect2: error: ld returned 1 exit status
configure:14737: $? = 1
configure: failed program was:
| /* confdefs.h */
| #define PACKAGE_NAME "apophenia"
| #define PACKAGE_TARNAME "apophenia"
| #define PACKAGE_VERSION "1.0"
| #define PACKAGE_STRING "apophenia 1.0"
| #define PACKAGE_BUGREPORT "fluffmail@f-m.fm"
| #define PACKAGE_URL ""
| #define PACKAGE "apophenia"
| #define VERSION "1.0"
| #define STDC_HEADERS 1
| #define HAVE_SYS_TYPES_H 1
| #define HAVE_SYS_STAT_H 1
| #define HAVE_STDLIB_H 1
| #define HAVE_STRING_H 1
| #define HAVE_MEMORY_H 1
| #define HAVE_STRINGS_H 1
| #define HAVE_INTTYPES_H 1
| #define HAVE_STDINT_H 1
| #define HAVE_UNISTD_H 1
| #define HAVE_DLFCN_H 1
| #define LT_OBJDIR ".libs/"
| #define HAVE_PTHREAD 1
| #define HAVE_SQLITE3 /**/
| #define HAVE_ALLOCA_H 1
| #define HAVE_ALLOCA 1
| #define STDC_HEADERS 1
| #define HAVE_FLOAT_H 1
| #define HAVE_INTTYPES_H 1
| #define HAVE_LIMITS_H 1
| #define HAVE_STDDEF_H 1
| #define HAVE_STDINT_H 1
| #define HAVE_STDLIB_H 1
| #define HAVE_STRING_H 1
| #define HAVE_UNISTD_H 1
| #define HAVE_WCHAR_H 1
| #define HAVE_PTRDIFF_T 1
| #define HAVE___ATTRIBUTE__ 1
| #define HAVE_STDLIB_H 1
| #define HAVE_MALLOC 1
| #define HAVE_STDLIB_H 1
| #define HAVE_REALLOC 1
| #define HAVE_MEMSET 1
| /* end confdefs.h.  */
| /* Define pow to an innocuous variant, in case <limits.h> declares pow.
|    For example, HP-UX 11i <limits.h> declares gettimeofday.  */
| #define pow innocuous_pow
| 
| /* System header to define __stub macros and hopefully few prototypes,
|     which can conflict with char pow (); below.
|     Prefer <limits.h> to <assert.h> if __STDC__ is defined, since
|     <limits.h> exists even on freestanding compilers.  */
| 
| #ifdef __STDC__
| # include <limits.h>
| #else
| # include <assert.h>
| #endif
| 
| #undef pow
| 
| /* Override any GCC internal prototype to avoid an error.
|    Use char because int might match the return type of a GCC
|    builtin and then its argument prototype would still apply.  */
| #ifdef __cplusplus
| extern "C"
| #endif
| char pow ();
| /* The GNU C library defines this for functions which it implements
|     to always fail with ENOSYS.  Some functions are actually named
|     something starting with __ and the normal name is an alias.  */
| #if defined __stub_pow || defined __stub___pow
| choke me
| #endif
| 
| int
| main ()
| {
| return pow ();
|   ;
|   return 0;
| }
configure:14737: result: no
configure:14737: checking for regcomp
configure:14737: gcc -o conftest -g -O2 -fopenmp   conftest.c  >&5
configure:14737: $? = 0
configure:14737: result: yes
configure:14737: checking for sqrt
configure:14737: gcc -o conftest -g -O2 -fopenmp   conftest.c  >&5
conftest.c:68:6: warning: conflicting types for built-in function 'sqrt'
 char sqrt ();
      ^
/tmp/ccUeZFpJ.o: In function `main':
/xchip/gistic/Jeremiah/GIT/apophenia-clone/conftest.c:79: undefined reference to `sqrt'
collect2: error: ld returned 1 exit status
configure:14737: $? = 1
configure: failed program was:
| /* confdefs.h */
| #define PACKAGE_NAME "apophenia"
| #define PACKAGE_TARNAME "apophenia"
| #define PACKAGE_VERSION "1.0"
| #define PACKAGE_STRING "apophenia 1.0"
| #define PACKAGE_BUGREPORT "fluffmail@f-m.fm"
| #define PACKAGE_URL ""
| #define PACKAGE "apophenia"
| #define VERSION "1.0"
| #define STDC_HEADERS 1
| #define HAVE_SYS_TYPES_H 1
| #define HAVE_SYS_STAT_H 1
| #define HAVE_STDLIB_H 1
| #define HAVE_STRING_H 1
| #define HAVE_MEMORY_H 1
| #define HAVE_STRINGS_H 1
| #define HAVE_INTTYPES_H 1
| #define HAVE_STDINT_H 1
| #define HAVE_UNISTD_H 1
| #define HAVE_DLFCN_H 1
| #define LT_OBJDIR ".libs/"
| #define HAVE_PTHREAD 1
| #define HAVE_SQLITE3 /**/
| #define HAVE_ALLOCA_H 1
| #define HAVE_ALLOCA 1
| #define STDC_HEADERS 1
| #define HAVE_FLOAT_H 1
| #define HAVE_INTTYPES_H 1
| #define HAVE_LIMITS_H 1
| #define HAVE_STDDEF_H 1
| #define HAVE_STDINT_H 1
| #define HAVE_STDLIB_H 1
| #define HAVE_STRING_H 1
| #define HAVE_UNISTD_H 1
| #define HAVE_WCHAR_H 1
| #define HAVE_PTRDIFF_T 1
| #define HAVE___ATTRIBUTE__ 1
| #define HAVE_STDLIB_H 1
| #define HAVE_MALLOC 1
| #define HAVE_STDLIB_H 1
| #define HAVE_REALLOC 1
| #define HAVE_MEMSET 1
| #define HAVE_REGCOMP 1
| /* end confdefs.h.  */
| /* Define sqrt to an innocuous variant, in case <limits.h> declares sqrt.
|    For example, HP-UX 11i <limits.h> declares gettimeofday.  */
| #define sqrt innocuous_sqrt
| 
| /* System header to define __stub macros and hopefully few prototypes,
|     which can conflict with char sqrt (); below.
|     Prefer <limits.h> to <assert.h> if __STDC__ is defined, since
|     <limits.h> exists even on freestanding compilers.  */
| 
| #ifdef __STDC__
| # include <limits.h>
| #else
| # include <assert.h>
| #endif
| 
| #undef sqrt
| 
| /* Override any GCC internal prototype to avoid an error.
|    Use char because int might match the return type of a GCC
|    builtin and then its argument prototype would still apply.  */
| #ifdef __cplusplus
| extern "C"
| #endif
| char sqrt ();
| /* The GNU C library defines this for functions which it implements
|     to always fail with ENOSYS.  Some functions are actually named
|     something starting with __ and the normal name is an alias.  */
| #if defined __stub_sqrt || defined __stub___sqrt
| choke me
| #endif
| 
| int
| main ()
| {
| return sqrt ();
|   ;
|   return 0;
| }
configure:14737: result: no
configure:14737: checking for strcasecmp
configure:14737: gcc -o conftest -g -O2 -fopenmp   conftest.c  >&5
conftest.c:68:6: warning: conflicting types for built-in function 'strcasecmp'
 char strcasecmp ();
      ^
configure:14737: $? = 0
configure:14737: result: yes
configure:14737: checking for asprintf
configure:14737: gcc -o conftest -g -O2 -fopenmp   conftest.c  >&5
configure:14737: $? = 0
configure:14737: result: yes
configure:14752: checking for bc
configure:14770: found /usr/bin/bc
configure:14782: result: /usr/bin/bc
configure:14798: checking for sqlite3
configure:14816: found /broad/software/free/Linux/redhat_6_x86_64/pkgs/sqlite_3.6.19/bin/sqlite3
configure:14828: result: /broad/software/free/Linux/redhat_6_x86_64/pkgs/sqlite_3.6.19/bin/sqlite3
configure:14842: checking whether to run extended tests
configure:14851: result: no
configure:14976: checking that generated files are newer than configure
configure:14982: result: done
configure:15021: creating ./config.status

## ---------------------- ##
## Running config.status. ##
## ---------------------- ##

This file was extended by apophenia config.status 1.0, which was
generated by GNU Autoconf 2.69.  Invocation command line was

  CONFIG_FILES    = 
  CONFIG_HEADERS  = 
  CONFIG_LINKS    = 
  CONFIG_COMMANDS = 
  $ ./config.status 

on cga02

config.status:1142: creating apophenia.pc
config.status:1142: creating apop.h
config.status:1142: creating Makefile
config.status:1142: creating transform/Makefile
config.status:1142: creating model/Makefile
config.status:1142: creating cmd/Makefile
config.status:1142: creating tests/Makefile
config.status:1142: creating docs/doxygen.conf
config.status:1142: creating docs/Makefile
config.status:1142: creating eg/Makefile
config.status:1142: creating tests/utilities_test
config.status:1142: creating config.h
config.status:1323: config.h is unchanged
config.status:1371: executing depfiles commands
config.status:1371: executing libtool commands

## ---------------- ##
## Cache variables. ##
## ---------------- ##

ac_cv_build=x86_64-unknown-linux-gnu
ac_cv_c_compiler_gnu=yes
ac_cv_c_const=yes
ac_cv_c_inline=inline
ac_cv_env_CC_set=
ac_cv_env_CC_value=
ac_cv_env_CFLAGS_set=
ac_cv_env_CFLAGS_value=
ac_cv_env_CPPFLAGS_set=
ac_cv_env_CPPFLAGS_value=
ac_cv_env_CPP_set=
ac_cv_env_CPP_value=
ac_cv_env_LDFLAGS_set=
ac_cv_env_LDFLAGS_value=
ac_cv_env_LIBS_set=
ac_cv_env_LIBS_value=
ac_cv_env_LT_SYS_LIBRARY_PATH_set=
ac_cv_env_LT_SYS_LIBRARY_PATH_value=
ac_cv_env_build_alias_set=
ac_cv_env_build_alias_value=
ac_cv_env_host_alias_set=
ac_cv_env_host_alias_value=
ac_cv_env_target_alias_set=
ac_cv_env_target_alias_value=
ac_cv_func_alloca_works=yes
ac_cv_func_asprintf=yes
ac_cv_func_floor=no
ac_cv_func_malloc_0_nonnull=yes
ac_cv_func_memset=yes
ac_cv_func_pow=no
ac_cv_func_realloc_0_nonnull=yes
ac_cv_func_regcomp=yes
ac_cv_func_sqrt=no
ac_cv_func_strcasecmp=yes
ac_cv_func_strtod=yes
ac_cv_header_dlfcn_h=yes
ac_cv_header_float_h=yes
ac_cv_header_inttypes_h=yes
ac_cv_header_limits_h=yes
ac_cv_header_memory_h=yes
ac_cv_header_stdc=yes
ac_cv_header_stddef_h=yes
ac_cv_header_stdint_h=yes
ac_cv_header_stdlib_h=yes
ac_cv_header_string_h=yes
ac_cv_header_strings_h=yes
ac_cv_header_sys_stat_h=yes
ac_cv_header_sys_types_h=yes
ac_cv_header_unistd_h=yes
ac_cv_header_wchar_h=yes
ac_cv_host=x86_64-unknown-linux-gnu
ac_cv_lib_m_cos=yes
ac_cv_objext=o
ac_cv_path_BC=/usr/bin/bc
ac_cv_path_EGREP='/bin/grep -E'
ac_cv_path_FGREP='/bin/grep -F'
ac_cv_path_GREP=/bin/grep
ac_cv_path_MYSQL_CONFIG=no
ac_cv_path_SED=/bin/sed
ac_cv_path_SQLITE3=/broad/software/free/Linux/redhat_6_x86_64/pkgs/sqlite_3.6.19/bin/sqlite3
ac_cv_path_install='/usr/bin/install -c'
ac_cv_path_lt_DD=/bin/dd
ac_cv_path_mkdir=/bin/mkdir
ac_cv_prog_AWK=gawk
ac_cv_prog_CPP='gcc -E'
ac_cv_prog_ac_ct_AR=ar
ac_cv_prog_ac_ct_CC=gcc
ac_cv_prog_ac_ct_OBJDUMP=objdump
ac_cv_prog_ac_ct_RANLIB=ranlib
ac_cv_prog_ac_ct_STRIP=strip
ac_cv_prog_c_openmp=-fopenmp
ac_cv_prog_cc_c89=
ac_cv_prog_cc_c99=
ac_cv_prog_cc_g=yes
ac_cv_prog_make_make_set=yes
ac_cv_struct_tm=time.h
ac_cv_type_ptrdiff_t=yes
ac_cv_type_size_t=yes
ac_cv_working_alloca_h=yes
am_cv_CC_dependencies_compiler_type=gcc3
am_cv_make_support_nested_variables=yes
am_cv_prog_cc_c_o=yes
ax_cv___attribute__=yes
lt_cv_ar_at_file=@
lt_cv_archive_cmds_need_lc=no
lt_cv_deplibs_check_method=pass_all
lt_cv_file_magic_cmd='$MAGIC_CMD'
lt_cv_file_magic_test_file=
lt_cv_ld_reload_flag=-r
lt_cv_nm_interface='BSD nm'
lt_cv_objdir=.libs
lt_cv_path_LD=/broad/software/free/Linux/redhat_6_x86_64/pkgs/gcc_5.2.0/bin/ld
lt_cv_path_NM='/broad/software/free/Linux/redhat_6_x86_64/pkgs/gcc_5.2.0/bin/nm -B'
lt_cv_path_mainfest_tool=no
lt_cv_prog_compiler_c_o=yes
lt_cv_prog_compiler_pic='-fPIC -DPIC'
lt_cv_prog_compiler_pic_works=yes
lt_cv_prog_compiler_rtti_exceptions=no
lt_cv_prog_compiler_static_works=yes
lt_cv_prog_gnu_ld=yes
lt_cv_sharedlib_from_linklib_cmd='printf %s\n'
lt_cv_shlibpath_overrides_runpath=no
lt_cv_sys_global_symbol_pipe='sed -n -e '\''s/^.*[	 ]\([ABCDGIRSTW][ABCDGIRSTW]*\)[	 ][	 ]*\([_A-Za-z][_A-Za-z0-9]*\)$/\1 \2 \2/p'\'' | sed '\''/ __gnu_lto/d'\'''
lt_cv_sys_global_symbol_to_c_name_address='sed -n -e '\''s/^: \(.*\) .*$/  {"\1", (void *) 0},/p'\'' -e '\''s/^[ABCDGIRSTW][ABCDGIRSTW]* .* \(.*\)$/  {"\1", (void *) \&\1},/p'\'''
lt_cv_sys_global_symbol_to_c_name_address_lib_prefix='sed -n -e '\''s/^: \(.*\) .*$/  {"\1", (void *) 0},/p'\'' -e '\''s/^[ABCDGIRSTW][ABCDGIRSTW]* .* \(lib.*\)$/  {"\1", (void *) \&\1},/p'\'' -e '\''s/^[ABCDGIRSTW][ABCDGIRSTW]* .* \(.*\)$/  {"lib\1", (void *) \&\1},/p'\'''
lt_cv_sys_global_symbol_to_cdecl='sed -n -e '\''s/^T .* \(.*\)$/extern int \1();/p'\'' -e '\''s/^[ABCDGIRSTW][ABCDGIRSTW]* .* \(.*\)$/extern char \1;/p'\'''
lt_cv_sys_global_symbol_to_import=
lt_cv_sys_max_cmd_len=1966080
lt_cv_to_host_file_cmd=func_convert_file_noop
lt_cv_to_tool_file_cmd=func_convert_file_noop
lt_cv_truncate_bin='/bin/dd bs=4096 count=1'

## ----------------- ##
## Output variables. ##
## ----------------- ##

ACLOCAL='${SHELL} /xchip/gistic/Jeremiah/GIT/apophenia-clone/build-aux/missing aclocal-1.15'
ALLOCA=''
AMDEPBACKSLASH='\'
AMDEP_FALSE='#'
AMDEP_TRUE=''
AMTAR='$${TAR-tar}'
AM_BACKSLASH='\'
AM_DEFAULT_V='$(AM_DEFAULT_VERBOSITY)'
AM_DEFAULT_VERBOSITY='0'
AM_V='$(V)'
AR='ar'
AUTOCONF='${SHELL} /xchip/gistic/Jeremiah/GIT/apophenia-clone/build-aux/missing autoconf'
AUTOHEADER='${SHELL} /xchip/gistic/Jeremiah/GIT/apophenia-clone/build-aux/missing autoheader'
AUTOMAKE='${SHELL} /xchip/gistic/Jeremiah/GIT/apophenia-clone/build-aux/missing automake-1.15'
AWK='gawk'
Autoconf_no_atomics='1'
BC='/usr/bin/bc'
CC='gcc'
CCDEPMODE='depmode=gcc3'
CFLAGS='-g -O2 -fopenmp'
CPP='gcc -E'
CPPFLAGS=''
CYGPATH_W='echo'
DEFS='-DHAVE_CONFIG_H'
DEPDIR='.deps'
DLLTOOL='false'
DSYMUTIL=''
DUMPBIN=''
ECHO_C=''
ECHO_N='-n'
ECHO_T=''
EGREP='/bin/grep -E'
EXEEXT=''
EXTENDED_TESTS_FALSE=''
EXTENDED_TESTS_TRUE='#'
FGREP='/bin/grep -F'
GREP='/bin/grep'
HAVE_LD_VERSION_SCRIPT_FALSE='#'
HAVE_LD_VERSION_SCRIPT_TRUE=''
INSTALL_DATA='${INSTALL} -m 644'
INSTALL_PROGRAM='${INSTALL}'
INSTALL_SCRIPT='${INSTALL}'
INSTALL_STRIP_PROGRAM='$(install_sh) -c -s'
LD='/broad/software/free/Linux/redhat_6_x86_64/pkgs/gcc_5.2.0/bin/ld -m elf_x86_64'
LDFLAGS=''
LIBM='-lm'
LIBOBJS=''
LIBS=''
LIBTOOL='$(SHELL) $(top_builddir)/libtool'
LIPO=''
LN_S='ln -s'
LTLIBOBJS=''
LT_SYS_LIBRARY_PATH=''
MAINT='#'
MAINTAINER_MODE_FALSE=''
MAINTAINER_MODE_TRUE='#'
MAKEINFO='${SHELL} /xchip/gistic/Jeremiah/GIT/apophenia-clone/build-aux/missing makeinfo'
MANIFEST_TOOL=':'
MKDIR_P='/bin/mkdir -p'
MYSQL_CFLAGS=''
MYSQL_CONFIG='no'
MYSQL_LDFLAGS=''
MYSQL_VERSION=''
NM='/broad/software/free/Linux/redhat_6_x86_64/pkgs/gcc_5.2.0/bin/nm -B'
NMEDIT=''
OBJDUMP='objdump'
OBJEXT='o'
OPENMP_CFLAGS='-fopenmp'
OTOOL64=''
OTOOL=''
PACKAGE='apophenia'
PACKAGE_BUGREPORT='fluffmail@f-m.fm'
PACKAGE_NAME='apophenia'
PACKAGE_STRING='apophenia 1.0'
PACKAGE_TARNAME='apophenia'
PACKAGE_URL=''
PACKAGE_VERSION='1.0'
PATH_SEPARATOR=':'
POW_LIB=''
PTHREAD_CC='gcc'
PTHREAD_CFLAGS='-pthread'
PTHREAD_LIBS=''
RANLIB='ranlib'
SED='/bin/sed'
SET_MAKE=''
SHELL='/bin/sh'
SQLITE3='/broad/software/free/Linux/redhat_6_x86_64/pkgs/sqlite_3.6.19/bin/sqlite3'
SQLITE3_CFLAGS='-I/usr/include'
SQLITE3_LDFLAGS='-L/usr/lib -lsqlite3'
SQLITE3_VERSION='3.6.20'
STRIP='strip'
VERSION='1.0'
ac_ct_AR='ar'
ac_ct_CC='gcc'
ac_ct_DUMPBIN=''
acx_pthread_config=''
am__EXEEXT_FALSE=''
am__EXEEXT_TRUE='#'
am__fastdepCC_FALSE='#'
am__fastdepCC_TRUE=''
am__include='include'
am__isrc=''
am__leading_dot='.'
am__nodep='_no'
am__quote=''
am__tar='$${TAR-tar} chof - "$$tardir"'
am__untar='$${TAR-tar} xf -'
bindir='${exec_prefix}/bin'
build='x86_64-unknown-linux-gnu'
build_alias=''
build_cpu='x86_64'
build_os='linux-gnu'
build_vendor='unknown'
datadir='${datarootdir}'
datarootdir='${prefix}/share'
docdir='${datarootdir}/doc/${PACKAGE_TARNAME}'
dvidir='${docdir}'
exec_prefix='${prefix}'
host='x86_64-unknown-linux-gnu'
host_alias=''
host_cpu='x86_64'
host_os='linux-gnu'
host_vendor='unknown'
htmldir='${docdir}'
includedir='${prefix}/include'
infodir='${datarootdir}/info'
install_sh='${SHELL} /xchip/gistic/Jeremiah/GIT/apophenia-clone/build-aux/install-sh'
libdir='${exec_prefix}/lib'
libexecdir='${exec_prefix}/libexec'
localedir='${datarootdir}/locale'
localstatedir='${prefix}/var'
mandir='${datarootdir}/man'
mkdir_p='$(MKDIR_P)'
oldincludedir='/usr/include'
pdfdir='${docdir}'
prefix='/xchip/gistic/Jeremiah/GIT/apophenia-clone'
program_transform_name='s,x,x,'
psdir='${docdir}'
sbindir='${exec_prefix}/sbin'
sharedstatedir='${prefix}/com'
sysconfdir='${prefix}/etc'
target_alias=''

## ----------- ##
## confdefs.h. ##
## ----------- ##

/* confdefs.h */
#define PACKAGE_NAME "apophenia"
#define PACKAGE_TARNAME "apophenia"
#define PACKAGE_VERSION "1.0"
#define PACKAGE_STRING "apophenia 1.0"
#define PACKAGE_BUGREPORT "fluffmail@f-m.fm"
#define PACKAGE_URL ""
#define PACKAGE "apophenia"
#define VERSION "1.0"
#define STDC_HEADERS 1
#define HAVE_SYS_TYPES_H 1
#define HAVE_SYS_STAT_H 1
#define HAVE_STDLIB_H 1
#define HAVE_STRING_H 1
#define HAVE_MEMORY_H 1
#define HAVE_STRINGS_H 1
#define HAVE_INTTYPES_H 1
#define HAVE_STDINT_H 1
#define HAVE_UNISTD_H 1
#define HAVE_DLFCN_H 1
#define LT_OBJDIR ".libs/"
#define HAVE_PTHREAD 1
#define HAVE_SQLITE3 /**/
#define HAVE_ALLOCA_H 1
#define HAVE_ALLOCA 1
#define STDC_HEADERS 1
#define HAVE_FLOAT_H 1
#define HAVE_INTTYPES_H 1
#define HAVE_LIMITS_H 1
#define HAVE_STDDEF_H 1
#define HAVE_STDINT_H 1
#define HAVE_STDLIB_H 1
#define HAVE_STRING_H 1
#define HAVE_UNISTD_H 1
#define HAVE_WCHAR_H 1
#define HAVE_PTRDIFF_T 1
#define HAVE___ATTRIBUTE__ 1
#define HAVE_STDLIB_H 1
#define HAVE_MALLOC 1
#define HAVE_STDLIB_H 1
#define HAVE_REALLOC 1
#define HAVE_MEMSET 1
#define HAVE_REGCOMP 1
#define HAVE_STRCASECMP 1
#define HAVE_ASPRINTF 1

configure: exit 0
